<?xml version="1.0" encoding="UTF-8"?>
<testsuite xmlns:xsi="http://www.w3.org/2001/XMLSchema-instance" xsi:noNamespaceSchemaLocation="https://maven.apache.org/surefire/maven-surefire-plugin/xsd/surefire-test-report-3.0.xsd" version="3.0" name="roulette.RouletteTest" time="24.105" tests="4" errors="0" skipped="0" failures="2">
  <properties>
[...]
</properties>
  <testcase name="testSpin" classname="roulette.RouletteTest" time="1.052"/>
  <testcase name="testBetting" classname="roulette.RouletteTest" time="21.012">
    <failure type="org.opentest4j.AssertionFailedError"><![CDATA[org.opentest4j.AssertionFailedError: expected: <5> but was: <0>
	at roulette.RouletteTest.testBetting(RouletteTest.java:48)
]]></failure>
  </testcase>
  <testcase name="testColors" classname="roulette.RouletteTest" time="1.008"/>
  <testcase name="testSpinDoubleZero" classname="roulette.RouletteTest" time="1.001">
    <failure type="org.opentest4j.AssertionFailedError"><![CDATA[org.opentest4j.AssertionFailedError: expected: <37> but was: <19>
	at roulette.RouletteTest.testSpinDoubleZero(RouletteTest.java:22)
]]></failure>
  </testcase>
</testsuite>